2020-10-27 
07:15 PM
$PROB Simple_2comp
$INPUT ID TIME AMT DV MDV CMT ADDL II SPECIES SEX MULTIPLE DOSE ROUTE FORMULATION 
$DATA  C:\Users\admin\Documents\GitHub\Autophage\PKTK_dataset_plasma.csv IGNORE=@ IGNORE=(SPECIES.NE.1)

$SUBROUTINE ADVAN4 TRANS4

$PK
;---- FIXED EFFECT DEFINITION ---- 
 TVCL = THETA(3)
 TVV2 = THETA(4)
 TVV3 = THETA(5)
 TVQ  = THETA(6)
 TVKA = THETA(7)
 
;---- RANDOM EFFECT DEFINITION ----

 CL   = TVCL * EXP(ETA(1))
 V2   = TVV2 * EXP(ETA(2))
 V3   = TVV3 * EXP(ETA(3))
 Q    = TVQ  * EXP(ETA(4))
 KA   = TVKA * EXP(ETA(5))
 F1   = THETA(8) - THETA(10) * DOSE / (THETA(9) + DOSE) * EXP(ETA(6))
 S2 = V2

$ERROR
 IPRED  = F
 W      = SQRT(THETA(1)**2 + THETA(2)**2 * IPRED**2)
 IRES   = DV - IPRED
 IWRES  = IRES / W
 Y      = IPRED + W * EPS(1)

$THETA
 0.0001 FIX
 0.5
 (0, 10, 30)
 (0, 30, 100)
 (0, 50, 500)
 (0, 5, 200)
 (0, 1.5, 20)
 
 (0, 1)
 (0, 50)
 (0, 1)
$OMEGA
 0.1
 0 FIX
 0 FIX
 0 FIX
 0 FIX
 0 FIX
$SIGMA
 1 FIX

$ESTIMATION NOABORT MAXEVAL=9999 METHOD=1 INTER PRINT=10 SIGDIGITS=3  

$TABLE ID TIME AMT DV MDV IPRED CWRES IWRES  ONEHEADER NOPRINT FILE = sdtab005_1
$TABLE ID CL V2 V3 Q KA F1 DOSE                      ONEHEADER NOPRINT NOAPPEND FILE = patab005_1
  
NM-TRAN MESSAGES 
  
 WARNINGS AND ERRORS (IF ANY) FOR PROBLEM    1
             
 (WARNING  2) NM-TRAN INFERS THAT THE DATA ARE POPULATION.
  
License Registered to: Seoul St. Mary's Hospital
Expiration Date:    14 JUN 2021
Current Date:       27 OCT 2020
Days until program expires : 232
1NONLINEAR MIXED EFFECTS MODEL PROGRAM (NONMEM) VERSION 7.4.3
 ORIGINALLY DEVELOPED BY STUART BEAL, LEWIS SHEINER, AND ALISON BOECKMANN
 CURRENT DEVELOPERS ARE ROBERT BAUER, ICON DEVELOPMENT SOLUTIONS,
 AND ALISON BOECKMANN. IMPLEMENTATION, EFFICIENCY, AND STANDARDIZATION
 PERFORMED BY NOUS INFOSYSTEMS.

 PROBLEM NO.:         1
 Simple_2comp
0DATA CHECKOUT RUN:              NO
 DATA SET LOCATED ON UNIT NO.:    2
 THIS UNIT TO BE REWOUND:        NO
 NO. OF DATA RECS IN DATA SET:      577
 NO. OF DATA ITEMS IN DATA SET:  15
 ID DATA ITEM IS DATA ITEM NO.:   1
 DEP VARIABLE IS DATA ITEM NO.:   4
 MDV DATA ITEM IS DATA ITEM NO.:  5
0INDICES PASSED TO SUBROUTINE PRED:
  15   2   3   0   0   8   6   0   0   0   7
0LABELS FOR DATA ITEMS:
 ID TIME AMT DV MDV CMT ADDL II SPECIES SEX MULTIPLE DOSE ROUTE FORMULATION EVID
0(NONBLANK) LABELS FOR PRED-DEFINED ITEMS:
 CL V2 V3 Q KA F1 IPRED IWRES
0FORMAT FOR DATA:
 (E3.0,E7.0,E8.0,E9.0,2E2.0,2E3.0,3E2.0,E5.0,2E2.0,1F2.0)

 TOT. NO. OF OBS RECS:      494
 TOT. NO. OF INDIVIDUALS:       78
0LENGTH OF THETA:  10
0DEFAULT THETA BOUNDARY TEST OMITTED:    NO
0OMEGA HAS BLOCK FORM:
  1
  0  2
  0  0  3
  0  0  0  4
  0  0  0  0  5
  0  0  0  0  0  6
0DEFAULT OMEGA BOUNDARY TEST OMITTED:    NO
0SIGMA HAS SIMPLE DIAGONAL FORM WITH DIMENSION:   1
0DEFAULT SIGMA BOUNDARY TEST OMITTED:    NO
0INITIAL ESTIMATE OF THETA:
 LOWER BOUND    INITIAL EST    UPPER BOUND
  0.1000E-03     0.1000E-03     0.1000E-03
 -0.1000E+07     0.5000E+00     0.1000E+07
  0.0000E+00     0.1000E+02     0.3000E+02
  0.0000E+00     0.3000E+02     0.1000E+03
  0.0000E+00     0.5000E+02     0.5000E+03
  0.0000E+00     0.5000E+01     0.2000E+03
  0.0000E+00     0.1500E+01     0.2000E+02
  0.0000E+00     0.1000E+01     0.1000E+07
  0.0000E+00     0.5000E+02     0.1000E+07
  0.0000E+00     0.1000E+01     0.1000E+07
0INITIAL ESTIMATE OF OMEGA:
 BLOCK SET NO.   BLOCK                                                                    FIXED
        1                                                                                   NO
                  0.1000E+00
        2                                                                                  YES
                  0.0000E+00
        3                                                                                  YES
                  0.0000E+00
        4                                                                                  YES
                  0.0000E+00
        5                                                                                  YES
                  0.0000E+00
        6                                                                                  YES
                  0.0000E+00
0INITIAL ESTIMATE OF SIGMA:
 0.1000E+01
0SIGMA CONSTRAINED TO BE THIS INITIAL ESTIMATE
0TABLES STEP OMITTED:    NO
 NO. OF TABLES:           2
 SEED NUMBER (SEED):    11456
 RANMETHOD:             3U
 MC SAMPLES (ESAMPLE):    300
 WRES SQUARE ROOT TYPE (WRESCHOL): EIGENVALUE
0-- TABLE   1 --
0RECORDS ONLY:    ALL
04 COLUMNS APPENDED:    YES
 PRINTED:                NO
 HEADER:                YES
 FILE TO BE FORWARDED:   NO
 FORMAT:                S1PE11.4
 LFORMAT:
 RFORMAT:
 FIXED_EFFECT_ETAS:
0USER-CHOSEN ITEMS:
 ID TIME AMT DV MDV IPRED CWRES IWRES
0-- TABLE   2 --
0RECORDS ONLY:    ALL
04 COLUMNS APPENDED:    NO
 PRINTED:                NO
 HEADER:                YES
 FILE TO BE FORWARDED:   NO
 FORMAT:                S1PE11.4
 LFORMAT:
 RFORMAT:
 FIXED_EFFECT_ETAS:
0USER-CHOSEN ITEMS:
 ID CL V2 V3 Q KA F1 DOSE
1DOUBLE PRECISION PREDPP VERSION 7.4.3

 TWO COMPARTMENT MODEL WITH FIRST-ORDER ABSORPTION (ADVAN4)
0MAXIMUM NO. OF BASIC PK PARAMETERS:   5
0BASIC PK PARAMETERS (AFTER TRANSLATION):
   BASIC PK PARAMETER NO.  1: ELIMINATION RATE (K)
   BASIC PK PARAMETER NO.  2: CENTRAL-TO-PERIPH. RATE (K23)
   BASIC PK PARAMETER NO.  3: PERIPH.-TO-CENTRAL RATE (K32)
   BASIC PK PARAMETER NO.  5: ABSORPTION RATE (KA)
 TRANSLATOR WILL CONVERT PARAMETERS
 CL, V2, Q, V3 TO K, K23, K32 (TRANS4)
0COMPARTMENT ATTRIBUTES
 COMPT. NO.   FUNCTION   INITIAL    ON/OFF      DOSE      DEFAULT    DEFAULT
                         STATUS     ALLOWED    ALLOWED    FOR DOSE   FOR OBS.
    1         DEPOT        OFF        YES        YES        YES        NO
    2         CENTRAL      ON         NO         YES        NO         YES
    3         PERIPH.      ON         NO         YES        NO         NO
    4         OUTPUT       OFF        YES        NO         NO         NO
1
 ADDITIONAL PK PARAMETERS - ASSIGNMENT OF ROWS IN GG
 COMPT. NO.                             INDICES
              SCALE      BIOAVAIL.   ZERO-ORDER  ZERO-ORDER  ABSORB
                         FRACTION    RATE        DURATION    LAG
    1            *           6           *           *           *
    2            7           *           *           *           *
    3            *           *           *           *           *
    4            *           -           -           -           -
             - PARAMETER IS NOT ALLOWED FOR THIS MODEL
             * PARAMETER IS NOT SUPPLIED BY PK SUBROUTINE;
               WILL DEFAULT TO ONE IF APPLICABLE
0DATA ITEM INDICES USED BY PRED ARE:
   EVENT ID DATA ITEM IS DATA ITEM NO.:     15
   TIME DATA ITEM IS DATA ITEM NO.:          2
   DOSE AMOUNT DATA ITEM IS DATA ITEM NO.:   3
   INTERVAL DATA ITEM IS DATA ITEM NO.:      8
   ADDL. DOSES DATA ITEM IS DATA ITEM NO.:   7
   COMPT. NO. DATA ITEM IS DATA ITEM NO.:    6

0PK SUBROUTINE CALLED WITH EVERY EVENT RECORD.
 PK SUBROUTINE NOT CALLED AT NONEVENT (ADDITIONAL OR LAGGED) DOSE TIMES.
0ERROR SUBROUTINE CALLED WITH EVERY EVENT RECORD.
1


 #TBLN:      1
 #METH: First Order Conditional Estimation with Interaction

 ESTIMATION STEP OMITTED:                 NO
 ANALYSIS TYPE:                           POPULATION
 NUMBER OF SADDLE POINT RESET ITERATIONS:      0
 GRADIENT METHOD USED:               NOSLOW
 CONDITIONAL ESTIMATES USED:              YES
 CENTERED ETA:                            NO
 EPS-ETA INTERACTION:                     YES
 LAPLACIAN OBJ. FUNC.:                    NO
 NO. OF FUNCT. EVALS. ALLOWED:            9999
 NO. OF SIG. FIGURES REQUIRED:            3
 INTERMEDIATE PRINTOUT:                   YES
 ESTIMATE OUTPUT TO MSF:                  NO
 ABORT WITH PRED EXIT CODE 1:             NO
 IND. OBJ. FUNC. VALUES SORTED:           NO
 NUMERICAL DERIVATIVE
       FILE REQUEST (NUMDER):               NONE
 MAP (ETAHAT) ESTIMATION METHOD (OPTMAP):   0
 ETA HESSIAN EVALUATION METHOD (ETADER):    0
 INITIAL ETA FOR MAP ESTIMATION (MCETA):    0
 SIGDIGITS FOR MAP ESTIMATION (SIGLO):      100
 GRADIENT SIGDIGITS OF
       FIXED EFFECTS PARAMETERS (SIGL):     100
 NOPRIOR SETTING (NOPRIOR):                 OFF
 NOCOV SETTING (NOCOV):                     OFF
 DERCONT SETTING (DERCONT):                 OFF
 FINAL ETA RE-EVALUATION (FNLETA):          ON
 EXCLUDE NON-INFLUENTIAL (NON-INFL.) ETAS
       IN SHRINKAGE (ETASTYPE):             NO
 NON-INFL. ETA CORRECTION (NONINFETA):      OFF
 RAW OUTPUT FILE (FILE): 5.ext
 EXCLUDE TITLE (NOTITLE):                   NO
 EXCLUDE COLUMN LABELS (NOLABEL):           NO
 FORMAT FOR ADDITIONAL FILES (FORMAT):      S1PE12.5
 PARAMETER ORDER FOR OUTPUTS (ORDER):       TSOL
 WISHART PRIOR DF INTERPRETATION (WISHTYPE):0
 KNUTHSUMOFF:                               0
 INCLUDE LNTWOPI:                           NO
 INCLUDE CONSTANT TERM TO PRIOR (PRIORC):   NO
 INCLUDE CONSTANT TERM TO OMEGA (ETA) (OLNTWOPI):NO
 ADDITIONAL CONVERGENCE TEST (CTYPE=4)?:    NO
 EM OR BAYESIAN METHOD USED:                 NONE


 THE FOLLOWING LABELS ARE EQUIVALENT
 PRED=PREDI
 RES=RESI
 WRES=WRESI
 IWRS=IWRESI
 IPRD=IPREDI
 IRS=IRESI

 MONITORING OF SEARCH:


0ITERATION NO.:    0    OBJECTIVE VALUE:   8063.84970961555        NO. OF FUNC. EVALS.:  11
 CUMULATIVE NO. OF FUNC. EVALS.:       11
 NPARAMETR:  5.0000E-01  1.0000E+01  3.0000E+01  5.0000E+01  5.0000E+00  1.5000E+00  1.0000E+00  5.0000E+01  1.0000E+00  1.0000E-01

 PARAMETER:  1.0000E-01  1.0000E-01  1.0000E-01  1.0000E-01  1.0000E-01  1.0000E-01  1.0000E-01  1.0000E-01  1.0000E-01  1.0000E-01

 GRADIENT:  -7.5811E+04 -7.7440E+02  4.6457E+03 -3.2046E+00  1.0060E+02 -5.3684E+01  1.1884E+04  8.6318E+02 -1.0843E+04 -1.0974E+03


0ITERATION NO.:   10    OBJECTIVE VALUE:   3701.20138386831        NO. OF FUNC. EVALS.: 283
 CUMULATIVE NO. OF FUNC. EVALS.:      294
 NPARAMETR:  5.8666E-01  1.9640E+01  1.2830E+01  2.0306E+02  3.7859E+01  3.7911E-01  1.0116E+00  1.2516E+01  9.9552E-01  4.6393E-01

 PARAMETER:  1.1733E-01  1.4327E+00 -9.6876E-01  1.9172E+00  2.3090E+00 -1.3342E+00  1.1157E-01 -1.2850E+00  9.5514E-02  8.6728E-01

 GRADIENT:  -1.4458E+04 -7.4040E+01  6.6932E+02  5.2350E+01  5.8008E+02 -7.1608E-01  9.8748E+03  1.4594E+02 -9.7060E+03 -3.1023E+02


0ITERATION NO.:   20    OBJECTIVE VALUE:   2735.54224906147        NO. OF FUNC. EVALS.: 293
 CUMULATIVE NO. OF FUNC. EVALS.:      587
 NPARAMETR:  7.2600E-01  2.8700E+01  2.5845E+00  7.8034E+01  4.7963E+00  1.3155E-01  9.8642E-01  1.6998E+01  9.8278E-01  1.0399E+00

 PARAMETER:  1.4520E-01  3.8879E+00 -2.6822E+00  6.0944E-01  5.7362E-02 -2.4052E+00  8.6326E-02 -9.7890E-01  8.2626E-02  1.2709E+00

 GRADIENT:   2.8486E+02 -2.4662E+00 -1.8951E+01 -9.1422E+00  1.4080E+01 -7.2114E+00  1.9971E+03  6.6021E+01 -1.9403E+03  2.4648E+00


0ITERATION NO.:   30    OBJECTIVE VALUE:   2714.10615564862        NO. OF FUNC. EVALS.: 295
 CUMULATIVE NO. OF FUNC. EVALS.:      882
 NPARAMETR:  7.3732E-01  2.9652E+01  2.8627E+00  2.8551E+02  5.3267E+00  1.3627E-01  9.3478E-01  1.6639E+01  9.3633E-01  1.0115E+00

 PARAMETER:  1.4746E-01  5.2391E+00 -2.5771E+00  2.5832E+00  1.6498E-01 -2.3697E+00  3.2553E-02 -1.0002E+00  3.4213E-02  1.2570E+00

 GRADIENT:   1.5641E+02 -1.7849E-01  3.3088E+00 -1.5913E+00  6.0200E+00 -1.4738E+01 -6.4962E+01  2.7443E+01  6.6651E+01 -1.1208E+00


0ITERATION NO.:   40    OBJECTIVE VALUE:   2708.03634266562        NO. OF FUNC. EVALS.: 297
 CUMULATIVE NO. OF FUNC. EVALS.:     1179
 NPARAMETR:  7.3027E-01  2.9800E+01  2.3652E+00  4.0773E+02  4.6636E+00  1.3694E-01  9.0099E-01  1.1768E+01  8.9708E-01  8.7115E-01

 PARAMETER:  1.4605E-01  6.7358E+00 -2.7731E+00  3.7831E+00  2.8627E-02 -2.3648E+00 -4.2667E-03 -1.3466E+00 -8.6097E-03  1.1823E+00

 GRADIENT:   1.0623E+01  0.0000E+00  2.7584E-01  3.4093E-01 -1.6180E-01 -2.9885E+00  1.6701E+02  4.6786E+00 -1.8569E+02  7.5141E-01


0ITERATION NO.:   50    OBJECTIVE VALUE:   2705.09002800680        NO. OF FUNC. EVALS.: 299
 CUMULATIVE NO. OF FUNC. EVALS.:     1478
 NPARAMETR:  7.2215E-01  2.0994E+01  2.2269E+00  1.4071E+02  2.9455E+00  1.3986E-01  9.3521E-01  8.2340E+00  9.3324E-01  7.9854E-01

 PARAMETER:  1.4443E-01  1.6395E+00 -2.8347E+00  1.3598E+00 -4.3963E-01 -2.3435E+00  3.3017E-02 -1.7037E+00  3.0911E-02  1.1388E+00

 GRADIENT:  -1.1692E+01 -7.2859E-01  3.4288E+00 -1.0784E+00 -2.1955E+00  1.8181E+00  3.5310E+02  5.3546E+00 -3.7056E+02  1.8372E+00


0ITERATION NO.:   60    OBJECTIVE VALUE:   2704.37073804608        NO. OF FUNC. EVALS.: 293
 CUMULATIVE NO. OF FUNC. EVALS.:     1771
 NPARAMETR:  7.2513E-01  1.9461E+01  2.1270E+00  2.4040E+02  3.5555E+00  1.4094E-01  9.2734E-01  7.8555E+00  9.2554E-01  8.3512E-01

 PARAMETER:  1.4503E-01  1.4064E+00 -2.8816E+00  2.2204E+00 -2.4833E-01 -2.3358E+00  2.4565E-02 -1.7508E+00  2.2617E-02  1.1612E+00

 GRADIENT:   8.5933E+00 -2.9551E-01 -8.5245E-02 -1.0126E-01 -1.2699E-01  1.5489E-01  6.9975E+01  2.2080E+00 -8.9211E+01 -2.8872E-01


0ITERATION NO.:   70    OBJECTIVE VALUE:   2696.30214032823        NO. OF FUNC. EVALS.: 311
 CUMULATIVE NO. OF FUNC. EVALS.:     2082
 NPARAMETR:  7.1551E-01  2.9706E+01  3.3145E+00  4.7192E+02  6.8759E+00  1.3972E-01  2.0830E+00  5.4978E+00  2.0796E+00  9.9306E-01

 PARAMETER:  1.4310E-01  5.4102E+00 -2.4259E+00  5.1190E+00  4.2826E-01 -2.3445E+00  8.3382E-01 -2.1077E+00  8.3217E-01  1.2478E+00

 GRADIENT:  -6.5861E+01 -2.6871E-02  5.0847E+00  6.7939E-02  7.8667E+00 -6.4416E+00 -2.1250E+03  7.3631E+00  2.0724E+03  7.1398E+00


0ITERATION NO.:   80    OBJECTIVE VALUE:   2694.87622619321        NO. OF FUNC. EVALS.: 292
 CUMULATIVE NO. OF FUNC. EVALS.:     2374
 NPARAMETR:  7.2387E-01  2.9800E+01  2.9227E+00  3.0827E+02  5.2333E+00  1.3907E-01  2.0854E+00  4.3347E+00  2.0784E+00  7.9856E-01

 PARAMETER:  1.4477E-01  6.3666E+00 -2.5557E+00  2.7721E+00  1.4680E-01 -2.3492E+00  8.3494E-01 -2.3454E+00  8.3161E-01  1.1388E+00

 GRADIENT:   1.2306E+01  0.0000E+00 -5.0782E-01 -1.5136E-01  4.6637E+00  1.8892E+00 -3.8061E+02  3.6755E-01  3.2682E+02  1.3486E+00


0ITERATION NO.:   90    OBJECTIVE VALUE:   2693.50660541908        NO. OF FUNC. EVALS.: 329
 CUMULATIVE NO. OF FUNC. EVALS.:     2703
 NPARAMETR:  7.2222E-01  2.9800E+01  2.9483E+00  2.7727E+02  4.7713E+00  1.3865E-01  2.0847E+00  4.4785E+00  2.0799E+00  7.9885E-01

 PARAMETER:  1.4444E-01  6.3951E+00 -2.5467E+00  2.5163E+00  5.2015E-02 -2.3523E+00  8.3462E-01 -2.3127E+00  8.3233E-01  1.1390E+00

 GRADIENT:  -2.6994E+01  0.0000E+00  3.0175E+00  7.4957E-01 -8.8866E-01 -1.5232E+00 -3.0070E+03 -3.9212E+00  2.9325E+03 -1.6872E-01


0ITERATION NO.:  100    OBJECTIVE VALUE:   2693.28462607836        NO. OF FUNC. EVALS.: 318
 CUMULATIVE NO. OF FUNC. EVALS.:     3021
 NPARAMETR:  7.2267E-01  2.9800E+01  2.9546E+00  2.4426E+02  4.6372E+00  1.3863E-01  2.0846E+00  4.5762E+00  2.0802E+00  7.9862E-01

 PARAMETER:  1.4453E-01  6.3951E+00 -2.5445E+00  2.2513E+00  2.2812E-02 -2.3524E+00  8.3456E-01 -2.2911E+00  8.3245E-01  1.1389E+00

 GRADIENT:   5.0549E+00  0.0000E+00  9.4304E-01  2.3277E-01  3.7536E-01  2.6852E+00  1.1894E+04  1.6950E+00  1.7816E+04  5.8039E-02


0ITERATION NO.:  110    OBJECTIVE VALUE:   2693.23696353328        NO. OF FUNC. EVALS.: 278
 CUMULATIVE NO. OF FUNC. EVALS.:     3299
 NPARAMETR:  7.2273E-01  2.9800E+01  2.9563E+00  2.2696E+02  4.5763E+00  1.3853E-01  2.0844E+00  4.6189E+00  2.0803E+00  7.9797E-01

 PARAMETER:  1.4455E-01  6.3951E+00 -2.5439E+00  2.1124E+00  9.2821E-03 -2.3532E+00  8.3450E-01 -2.2819E+00  8.3249E-01  1.1385E+00

 GRADIENT:   7.4170E+00  0.0000E+00 -1.5958E+00 -1.9234E-01  1.5651E+00 -4.2390E-01 -3.3760E+03 -6.7244E-02  3.3043E+03 -1.6690E-01


0ITERATION NO.:  120    OBJECTIVE VALUE:   2693.20784831071        NO. OF FUNC. EVALS.: 341
 CUMULATIVE NO. OF FUNC. EVALS.:     3640
 NPARAMETR:  7.2218E-01  2.9800E+01  2.9706E+00  2.1968E+02  4.4759E+00  1.3846E-01  2.0844E+00  4.6319E+00  2.0803E+00  7.9646E-01

 PARAMETER:  1.4444E-01  6.3951E+00 -2.5390E+00  2.0535E+00 -1.3408E-02 -2.3536E+00  8.3448E-01 -2.2791E+00  8.3253E-01  1.1375E+00

 GRADIENT:   4.1407E-01  0.0000E+00 -9.1093E-02 -1.7723E-03  2.5409E-01 -1.6161E-02 -3.4923E+03 -6.4811E-02  3.4198E+03  5.8248E-02


0ITERATION NO.:  129    OBJECTIVE VALUE:   2693.20636888376        NO. OF FUNC. EVALS.: 294
 CUMULATIVE NO. OF FUNC. EVALS.:     3934
 NPARAMETR:  7.2211E-01  2.9800E+01  2.9701E+00  2.1735E+02  4.4532E+00  1.3842E-01  2.0844E+00  4.6312E+00  2.0803E+00  7.9529E-01

 PARAMETER:  1.4442E-01  6.3951E+00 -2.5391E+00  2.0344E+00 -1.8518E-02 -2.3540E+00  8.3448E-01 -2.2792E+00  8.3253E-01  1.1368E+00

 GRADIENT:   2.6174E-02  0.0000E+00 -4.4245E-02 -9.9841E-03  1.9054E-01 -1.1526E-01 -1.4394E+01 -3.4347E-02  1.6842E+00  2.6089E-02


 #TERM:
0MINIMIZATION TERMINATED
 DUE TO ROUNDING ERRORS (ERROR=134)
 NO. OF FUNCTION EVALUATIONS USED:     3934
 NO. OF SIG. DIGITS UNREPORTABLE
0PARAMETER ESTIMATE IS NEAR ITS BOUNDARY

 ETABAR IS THE ARITHMETIC MEAN OF THE ETA-ESTIMATES,
 AND THE P-VALUE IS GIVEN FOR THE NULL HYPOTHESIS THAT THE TRUE MEAN IS 0.

 ETABAR:        -3.1076E-02  0.0000E+00  0.0000E+00  0.0000E+00  0.0000E+00  0.0000E+00
 SE:             9.7048E-02  0.0000E+00  0.0000E+00  0.0000E+00  0.0000E+00  0.0000E+00
 N:                      78          78          78          78          78          78

 P VAL.:         7.4881E-01  1.0000E+00  1.0000E+00  1.0000E+00  1.0000E+00  1.0000E+00

 ETASHRINKSD(%)  3.2668E+00  1.0000E+02  1.0000E+02  1.0000E+02  1.0000E+02  1.0000E+02
 ETASHRINKVR(%)  6.4269E+00  1.0000E+02  1.0000E+02  1.0000E+02  1.0000E+02  1.0000E+02
 EBVSHRINKSD(%)  3.3327E+00  0.0000E+00  0.0000E+00  0.0000E+00  0.0000E+00  0.0000E+00
 EBVSHRINKVR(%)  6.5543E+00  0.0000E+00  0.0000E+00  0.0000E+00  0.0000E+00  0.0000E+00
 EPSSHRINKSD(%)  7.3910E+00
 EPSSHRINKVR(%)  1.4236E+01

  
 TOTAL DATA POINTS NORMALLY DISTRIBUTED (N):          494
 N*LOG(2PI) CONSTANT TO OBJECTIVE FUNCTION:    907.91127080621663     
 OBJECTIVE FUNCTION VALUE WITHOUT CONSTANT:    2693.2063688837629     
 OBJECTIVE FUNCTION VALUE WITH CONSTANT:       3601.1176396899796     
 REPORTED OBJECTIVE FUNCTION DOES NOT CONTAIN CONSTANT
  
 TOTAL EFFECTIVE ETAS (NIND*NETA):                            78
  
 #TERE:
 Elapsed estimation  time in seconds:    29.48
 Elapsed postprocess time in seconds:     0.02
1
 
 
 
 
 
 
 
 
 
 
 
 
 
 
 
 
 
 
 
 
 ************************************************************************************************************************
 ********************                                                                                ********************
 ********************               FIRST ORDER CONDITIONAL ESTIMATION WITH INTERACTION              ********************
 #OBJT:**************                       MINIMUM VALUE OF OBJECTIVE FUNCTION                      ********************
 ********************                                                                                ********************
 ************************************************************************************************************************
 





 #OBJV:********************************************     2693.206       **************************************************
1
 ************************************************************************************************************************
 ********************                                                                                ********************
 ********************               FIRST ORDER CONDITIONAL ESTIMATION WITH INTERACTION              ********************
 ********************                             FINAL PARAMETER ESTIMATE                           ********************
 ********************                                                                                ********************
 ************************************************************************************************************************
 


 THETA - VECTOR OF FIXED EFFECTS PARAMETERS   *********


         TH 1      TH 2      TH 3      TH 4      TH 5      TH 6      TH 7      TH 8      TH 9      TH10     
 
         1.00E-04  7.22E-01  2.98E+01  2.97E+00  2.17E+02  4.45E+00  1.38E-01  2.08E+00  4.63E+00  2.08E+00
 


 OMEGA - COV MATRIX FOR RANDOM EFFECTS - ETAS  ********


         ETA1      ETA2      ETA3      ETA4      ETA5      ETA6     
 
 ETA1
+        7.95E-01
 
 ETA2
+        0.00E+00  0.00E+00
 
 ETA3
+        0.00E+00  0.00E+00  0.00E+00
 
 ETA4
+        0.00E+00  0.00E+00  0.00E+00  0.00E+00
 
 ETA5
+        0.00E+00  0.00E+00  0.00E+00  0.00E+00  0.00E+00
 
 ETA6
+        0.00E+00  0.00E+00  0.00E+00  0.00E+00  0.00E+00  0.00E+00
 


 SIGMA - COV MATRIX FOR RANDOM EFFECTS - EPSILONS  ****


         EPS1     
 
 EPS1
+        1.00E+00
 
1


 OMEGA - CORR MATRIX FOR RANDOM EFFECTS - ETAS  *******


         ETA1      ETA2      ETA3      ETA4      ETA5      ETA6     
 
 ETA1
+        8.92E-01
 
 ETA2
+        0.00E+00  0.00E+00
 
 ETA3
+        0.00E+00  0.00E+00  0.00E+00
 
 ETA4
+        0.00E+00  0.00E+00  0.00E+00  0.00E+00
 
 ETA5
+        0.00E+00  0.00E+00  0.00E+00  0.00E+00  0.00E+00
 
 ETA6
+        0.00E+00  0.00E+00  0.00E+00  0.00E+00  0.00E+00  0.00E+00
 


 SIGMA - CORR MATRIX FOR RANDOM EFFECTS - EPSILONS  ***


         EPS1     
 
 EPS1
+        1.00E+00
 
 Elapsed finaloutput time in seconds:     0.09
1THERE ARE ERROR MESSAGES IN FILE PRDERR                                                                  
 #CPUT: Total CPU Time in Seconds,       29.344
Stop Time: 
2020-10-27 
07:15 PM
