2020-10-27 
07:20 PM
$PROB Simple_2comp
$INPUT ID TIME AMT DV MDV CMT ADDL II SPECIES SEX MULTIPLE DOSE ROUTE FORMULATION 
$DATA  C:\Users\admin\Documents\GitHub\Autophage\PKTK_dataset_plasma.csv IGNORE=@ IGNORE=(SPECIES.NE.1)

$SUBROUTINE ADVAN4 TRANS4

$PK
;---- FIXED EFFECT DEFINITION ---- 
 TVCL = THETA(3)
 TVV2 = THETA(4)
 TVV3 = THETA(5)
 TVQ  = THETA(6)
 TVKA = THETA(7)
 
;---- RANDOM EFFECT DEFINITION ----

 CL   = TVCL * EXP(ETA(1))
 V2   = TVV2 * EXP(ETA(2))
 V3   = TVV3 * EXP(ETA(3))
 Q    = TVQ  * EXP(ETA(4))
 KA   = TVKA * EXP(ETA(5))
 F1   = THETA(8) - THETA(10) * DOSE / (THETA(9) + DOSE) * EXP(ETA(6))
 S2 = V2

$ERROR
 IPRED  = F
 W      = SQRT(THETA(1)**2 + THETA(2)**2 * IPRED**2)
 IRES   = DV - IPRED
 IWRES  = IRES / W
 Y      = IPRED + W * EPS(1)

$THETA
 0.0001 FIX
 0.5
 (0, 10, 30)
 (0, 30, 100)
 (0, 50, 500)
 (0, 5, 200)
 (0, 1.5, 20)
 
 (0, 1)
 (0, 50)
 (0, 1)
$OMEGA
 0.1
 0 FIX
 0 FIX
 0 FIX 
 0 FIX
 0.1
$SIGMA
 1 FIX

$ESTIMATION NOABORT MAXEVAL=9999 METHOD=1 INTER PRINT=10 SIGDIGITS=3  

$TABLE ID TIME AMT DV MDV IPRED CWRES IWRES  ONEHEADER NOPRINT FILE = sdtab005_6
$TABLE ID CL V2 V3 Q KA F1 DOSE                      ONEHEADER NOPRINT NOAPPEND FILE = patab005_6
  
NM-TRAN MESSAGES 
  
 WARNINGS AND ERRORS (IF ANY) FOR PROBLEM    1
             
 (WARNING  2) NM-TRAN INFERS THAT THE DATA ARE POPULATION.

 LIM VALUES MAXLIM ASSESSED BY NMTRAN: 1,2,3,4,5,6,7,8,10,11,13,15,16        
  
License Registered to: Seoul St. Mary's Hospital
Expiration Date:    14 JUN 2021
Current Date:       27 OCT 2020
Days until program expires : 232
1NONLINEAR MIXED EFFECTS MODEL PROGRAM (NONMEM) VERSION 7.4.3
 ORIGINALLY DEVELOPED BY STUART BEAL, LEWIS SHEINER, AND ALISON BOECKMANN
 CURRENT DEVELOPERS ARE ROBERT BAUER, ICON DEVELOPMENT SOLUTIONS,
 AND ALISON BOECKMANN. IMPLEMENTATION, EFFICIENCY, AND STANDARDIZATION
 PERFORMED BY NOUS INFOSYSTEMS.

 PROBLEM NO.:         1
 Simple_2comp
0DATA CHECKOUT RUN:              NO
 DATA SET LOCATED ON UNIT NO.:    2
 THIS UNIT TO BE REWOUND:        NO
 NO. OF DATA RECS IN DATA SET:      577
 NO. OF DATA ITEMS IN DATA SET:  15
 ID DATA ITEM IS DATA ITEM NO.:   1
 DEP VARIABLE IS DATA ITEM NO.:   4
 MDV DATA ITEM IS DATA ITEM NO.:  5
0INDICES PASSED TO SUBROUTINE PRED:
  15   2   3   0   0   8   6   0   0   0   7
0LABELS FOR DATA ITEMS:
 ID TIME AMT DV MDV CMT ADDL II SPECIES SEX MULTIPLE DOSE ROUTE FORMULATION EVID
0(NONBLANK) LABELS FOR PRED-DEFINED ITEMS:
 CL V2 V3 Q KA F1 IPRED IWRES
0FORMAT FOR DATA:
 (E3.0,E7.0,E8.0,E9.0,2E2.0,2E3.0,3E2.0,E5.0,2E2.0,1F2.0)

 TOT. NO. OF OBS RECS:      494
 TOT. NO. OF INDIVIDUALS:       78
0LENGTH OF THETA:  10
0DEFAULT THETA BOUNDARY TEST OMITTED:    NO
0OMEGA HAS BLOCK FORM:
  1
  0  2
  0  0  3
  0  0  0  4
  0  0  0  0  5
  0  0  0  0  0  6
0DEFAULT OMEGA BOUNDARY TEST OMITTED:    NO
0SIGMA HAS SIMPLE DIAGONAL FORM WITH DIMENSION:   1
0DEFAULT SIGMA BOUNDARY TEST OMITTED:    NO
0INITIAL ESTIMATE OF THETA:
 LOWER BOUND    INITIAL EST    UPPER BOUND
  0.1000E-03     0.1000E-03     0.1000E-03
 -0.1000E+07     0.5000E+00     0.1000E+07
  0.0000E+00     0.1000E+02     0.3000E+02
  0.0000E+00     0.3000E+02     0.1000E+03
  0.0000E+00     0.5000E+02     0.5000E+03
  0.0000E+00     0.5000E+01     0.2000E+03
  0.0000E+00     0.1500E+01     0.2000E+02
  0.0000E+00     0.1000E+01     0.1000E+07
  0.0000E+00     0.5000E+02     0.1000E+07
  0.0000E+00     0.1000E+01     0.1000E+07
0INITIAL ESTIMATE OF OMEGA:
 BLOCK SET NO.   BLOCK                                                                    FIXED
        1                                                                                   NO
                  0.1000E+00
        2                                                                                  YES
                  0.0000E+00
        3                                                                                  YES
                  0.0000E+00
        4                                                                                  YES
                  0.0000E+00
        5                                                                                  YES
                  0.0000E+00
        6                                                                                   NO
                  0.1000E+00
0INITIAL ESTIMATE OF SIGMA:
 0.1000E+01
0SIGMA CONSTRAINED TO BE THIS INITIAL ESTIMATE
0TABLES STEP OMITTED:    NO
 NO. OF TABLES:           2
 SEED NUMBER (SEED):    11456
 RANMETHOD:             3U
 MC SAMPLES (ESAMPLE):    300
 WRES SQUARE ROOT TYPE (WRESCHOL): EIGENVALUE
0-- TABLE   1 --
0RECORDS ONLY:    ALL
04 COLUMNS APPENDED:    YES
 PRINTED:                NO
 HEADER:                YES
 FILE TO BE FORWARDED:   NO
 FORMAT:                S1PE11.4
 LFORMAT:
 RFORMAT:
 FIXED_EFFECT_ETAS:
0USER-CHOSEN ITEMS:
 ID TIME AMT DV MDV IPRED CWRES IWRES
0-- TABLE   2 --
0RECORDS ONLY:    ALL
04 COLUMNS APPENDED:    NO
 PRINTED:                NO
 HEADER:                YES
 FILE TO BE FORWARDED:   NO
 FORMAT:                S1PE11.4
 LFORMAT:
 RFORMAT:
 FIXED_EFFECT_ETAS:
0USER-CHOSEN ITEMS:
 ID CL V2 V3 Q KA F1 DOSE
1DOUBLE PRECISION PREDPP VERSION 7.4.3

 TWO COMPARTMENT MODEL WITH FIRST-ORDER ABSORPTION (ADVAN4)
0MAXIMUM NO. OF BASIC PK PARAMETERS:   5
0BASIC PK PARAMETERS (AFTER TRANSLATION):
   BASIC PK PARAMETER NO.  1: ELIMINATION RATE (K)
   BASIC PK PARAMETER NO.  2: CENTRAL-TO-PERIPH. RATE (K23)
   BASIC PK PARAMETER NO.  3: PERIPH.-TO-CENTRAL RATE (K32)
   BASIC PK PARAMETER NO.  5: ABSORPTION RATE (KA)
 TRANSLATOR WILL CONVERT PARAMETERS
 CL, V2, Q, V3 TO K, K23, K32 (TRANS4)
0COMPARTMENT ATTRIBUTES
 COMPT. NO.   FUNCTION   INITIAL    ON/OFF      DOSE      DEFAULT    DEFAULT
                         STATUS     ALLOWED    ALLOWED    FOR DOSE   FOR OBS.
    1         DEPOT        OFF        YES        YES        YES        NO
    2         CENTRAL      ON         NO         YES        NO         YES
    3         PERIPH.      ON         NO         YES        NO         NO
    4         OUTPUT       OFF        YES        NO         NO         NO
1
 ADDITIONAL PK PARAMETERS - ASSIGNMENT OF ROWS IN GG
 COMPT. NO.                             INDICES
              SCALE      BIOAVAIL.   ZERO-ORDER  ZERO-ORDER  ABSORB
                         FRACTION    RATE        DURATION    LAG
    1            *           6           *           *           *
    2            7           *           *           *           *
    3            *           *           *           *           *
    4            *           -           -           -           -
             - PARAMETER IS NOT ALLOWED FOR THIS MODEL
             * PARAMETER IS NOT SUPPLIED BY PK SUBROUTINE;
               WILL DEFAULT TO ONE IF APPLICABLE
0DATA ITEM INDICES USED BY PRED ARE:
   EVENT ID DATA ITEM IS DATA ITEM NO.:     15
   TIME DATA ITEM IS DATA ITEM NO.:          2
   DOSE AMOUNT DATA ITEM IS DATA ITEM NO.:   3
   INTERVAL DATA ITEM IS DATA ITEM NO.:      8
   ADDL. DOSES DATA ITEM IS DATA ITEM NO.:   7
   COMPT. NO. DATA ITEM IS DATA ITEM NO.:    6

0PK SUBROUTINE CALLED WITH EVERY EVENT RECORD.
 PK SUBROUTINE NOT CALLED AT NONEVENT (ADDITIONAL OR LAGGED) DOSE TIMES.
0ERROR SUBROUTINE CALLED WITH EVERY EVENT RECORD.

 #PARA: PARAFILE=mpiwini8.pnm, PROTOCOL=MPI, NODES= 4

1


 #TBLN:      1
 #METH: First Order Conditional Estimation with Interaction

 ESTIMATION STEP OMITTED:                 NO
 ANALYSIS TYPE:                           POPULATION
 NUMBER OF SADDLE POINT RESET ITERATIONS:      0
 GRADIENT METHOD USED:               NOSLOW
 CONDITIONAL ESTIMATES USED:              YES
 CENTERED ETA:                            NO
 EPS-ETA INTERACTION:                     YES
 LAPLACIAN OBJ. FUNC.:                    NO
 NO. OF FUNCT. EVALS. ALLOWED:            9999
 NO. OF SIG. FIGURES REQUIRED:            3
 INTERMEDIATE PRINTOUT:                   YES
 ESTIMATE OUTPUT TO MSF:                  NO
 ABORT WITH PRED EXIT CODE 1:             NO
 IND. OBJ. FUNC. VALUES SORTED:           NO
 NUMERICAL DERIVATIVE
       FILE REQUEST (NUMDER):               NONE
 MAP (ETAHAT) ESTIMATION METHOD (OPTMAP):   0
 ETA HESSIAN EVALUATION METHOD (ETADER):    0
 INITIAL ETA FOR MAP ESTIMATION (MCETA):    0
 SIGDIGITS FOR MAP ESTIMATION (SIGLO):      100
 GRADIENT SIGDIGITS OF
       FIXED EFFECTS PARAMETERS (SIGL):     100
 NOPRIOR SETTING (NOPRIOR):                 OFF
 NOCOV SETTING (NOCOV):                     OFF
 DERCONT SETTING (DERCONT):                 OFF
 FINAL ETA RE-EVALUATION (FNLETA):          ON
 EXCLUDE NON-INFLUENTIAL (NON-INFL.) ETAS
       IN SHRINKAGE (ETASTYPE):             NO
 NON-INFL. ETA CORRECTION (NONINFETA):      OFF
 RAW OUTPUT FILE (FILE): 5_6.ext
 EXCLUDE TITLE (NOTITLE):                   NO
 EXCLUDE COLUMN LABELS (NOLABEL):           NO
 FORMAT FOR ADDITIONAL FILES (FORMAT):      S1PE12.5
 PARAMETER ORDER FOR OUTPUTS (ORDER):       TSOL
 WISHART PRIOR DF INTERPRETATION (WISHTYPE):0
 KNUTHSUMOFF:                               0
 INCLUDE LNTWOPI:                           NO
 INCLUDE CONSTANT TERM TO PRIOR (PRIORC):   NO
 INCLUDE CONSTANT TERM TO OMEGA (ETA) (OLNTWOPI):NO
 ADDITIONAL CONVERGENCE TEST (CTYPE=4)?:    NO
 EM OR BAYESIAN METHOD USED:                 NONE


 THE FOLLOWING LABELS ARE EQUIVALENT
 PRED=PREDI
 RES=RESI
 WRES=WRESI
 IWRS=IWRESI
 IPRD=IPREDI
 IRS=IRESI

 MONITORING OF SEARCH:

0PRED EXIT CODE = 1
0INDIVIDUAL NO.      16   ID= 1.60000000000000E+01   (WITHIN-INDIVIDUAL) DATA REC NO.   1
 THETA=
  1.00E-04   5.00E-01   1.00E+01   3.00E+01   5.00E+01   5.00E+00   1.50E+00   1.00E+00   5.00E+01   1.00E+00
 ETA=
  6.74E-02   0.00E+00   0.00E+00   0.00E+00   0.00E+00   3.61E-01
 OCCURS DURING SEARCH FOR ETA AT A NONZERO VALUE OF ETA
 PK PARAMETER FOR BIOAVAILABILITY FRACTION IS NEGATIVE                                                                               
0PROGRAM TERMINATED BY OBJ
 MESSAGE ISSUED FROM ESTIMATION STEP
 AT INITIAL OBJ. FUNCTION EVALUATION
ON WORKER: WORKER1,ON DIRECTORY: worker1\
0PRED EXIT CODE = 1
0INDIVIDUAL NO.      21   ID= 2.10000000000000E+01   (WITHIN-INDIVIDUAL) DATA REC NO.   1
 THETA=
  1.00E-04   5.00E-01   1.00E+01   3.00E+01   5.00E+01   5.00E+00   1.50E+00   1.00E+00   5.00E+01   1.00E+00
 ETA=
  3.86E-02   0.00E+00   0.00E+00   0.00E+00   0.00E+00   1.93E-01
 OCCURS DURING SEARCH FOR ETA AT A NONZERO VALUE OF ETA
 PK PARAMETER FOR BIOAVAILABILITY FRACTION IS NEGATIVE                                                                               

 #TERM:
  
 TOTAL DATA POINTS NORMALLY DISTRIBUTED (N):          336
 N*LOG(2PI) CONSTANT TO OBJECTIVE FUNCTION:    617.52669431354002     
 OBJECTIVE FUNCTION VALUE WITHOUT CONSTANT:   1.34078079299425956E+154
 OBJECTIVE FUNCTION VALUE WITH CONSTANT:      1.34078079299425956E+154
 REPORTED OBJECTIVE FUNCTION DOES NOT CONTAIN CONSTANT
  
 TOTAL EFFECTIVE ETAS (NIND*NETA):                           103
  
 #TERE:
 Elapsed estimation  time in seconds:     0.05
1THERE ARE ERROR MESSAGES IN FILE PRDERR                                                                  
 #CPUT: Total CPU Time in Seconds,        0.172
Stop Time: 
2020-10-27 
07:20 PM
